<?xml version="1.0" encoding="UTF-8"?>
<!-- Generated by org.testng.reporters.JUnitXMLReporter -->
<testsuite ignored="0" hostname="MSI" failures="0" tests="1" name="Surefire test" time="0.05" errors="0" timestamp="2024-02-29T09:53:29 IST">
  <testcase classname="TestBase.BaseClass" name="@BeforeClass browserSetup" time="-1.709180609703E9">
    <failure type="org.testng.TestNGException" message="
Parameter &amp;apos;OS&amp;apos; is required by BeforeClass on method browserSetup but has not been marked @Optional or defined
">
      <![CDATA[org.testng.TestNGException: 
Parameter 'OS' is required by BeforeClass on method browserSetup but has not been marked @Optional or defined

at java.base/java.util.ArrayList.forEach(ArrayList.java:1511)
... Removed 27 stack frames]]>
    </failure>
  </testcase> <!-- @BeforeClass browserSetup -->
  <testcase classname="TestBase.BaseClass" name="@AfterClass teardown" time="0.0">
    <skipped/>
  </testcase> <!-- @AfterClass teardown -->
  <testcase classname="testCases.TC_001_AccountregistrationTest" name="acRegistration" time="0.0">
    <skipped/>
  </testcase> <!-- acRegistration -->
</testsuite> <!-- Surefire test -->
